<<<<<<< HEAD
﻿Compilación iniciada a las 10/5/2013 7:49:55 AM.
     1>Proyecto "C:\Users\JosepOriol\Desktop\VJ\The-Legend-of-Zelda\2DEngine.vcxproj" en el nodo 2 (Build destinos).
     1>ClCompile:
         C:\Program Files (x86)\Microsoft Visual Studio 11.0\VC\bin\CL.exe /c /ZI /nologo /W3 /WX- /Od /Oy- /D WIN32 /D _DEBUG /D _CONSOLE /D _VC80_UPGRADE=0x0710 /D _MBCS /Gm /EHsc /RTC1 /MTd /GS /fp:precise /Zc:wchar_t /Zc:forScope /Fo"Debug\\" /Fd"Debug\vc110.pdb" /Gd /TP /analyze- /errorReport:prompt GLUTMain.cpp
         GLUTMain.cpp
     1>c:\users\joseporiol\desktop\vj\the-legend-of-zelda\glutmain.cpp(42): warning C4996: 'sprintf': This function or variable may be unsafe. Consider using sprintf_s instead. To disable deprecation, use _CRT_SECURE_NO_WARNINGS. See online help for details.
                 c:\program files (x86)\microsoft visual studio 11.0\vc\include\stdio.h(357) : vea la declaración de 'sprintf'
       Link:
         C:\Program Files (x86)\Microsoft Visual Studio 11.0\VC\bin\link.exe /ERRORREPORT:PROMPT /OUT:"Debug\2DEngine.exe" /INCREMENTAL /NOLOGO kernel32.lib user32.lib gdi32.lib winspool.lib comdlg32.lib advapi32.lib shell32.lib ole32.lib oleaut32.lib uuid.lib odbc32.lib odbccp32.lib /MANIFEST /MANIFESTUAC:"level='asInvoker' uiAccess='false'" /manifest:embed /DEBUG /PDB:"Debug\2DEngine.pdb" /SUBSYSTEM:CONSOLE /TLBID:1 /DYNAMICBASE /NXCOMPAT /IMPLIB:"Debug\2DEngine.lib" /MACHINE:X86 /SAFESEH Debug\cBicho.obj
         Debug\cData.obj
         Debug\cGame.obj
         Debug\cPlayer.obj
         Debug\cScene.obj
         Debug\cTexture.obj
         Debug\GLUTMain.obj
     1>cBicho.obj : warning LNK4075: se omite '/EDITANDCONTINUE' debido a la especificación '/SAFESEH'
         2DEngine.vcxproj -> C:\Users\JosepOriol\Desktop\VJ\The-Legend-of-Zelda\Debug\2DEngine.exe
     1>Compilación del proyecto terminada "C:\Users\JosepOriol\Desktop\VJ\The-Legend-of-Zelda\2DEngine.vcxproj" (Build destinos).

Compilación correcta.

Tiempo transcurrido 00:00:01.59
=======
﻿Build started 04/10/2013 17:41:42.
     1>Project "C:\Users\Dani\Desktop\The-Legend-of-Zelda\2DEngine.vcxproj" on node 2 (Build target(s)).
     1>Link:
         C:\Program Files (x86)\Microsoft Visual Studio 11.0\VC\bin\link.exe /ERRORREPORT:PROMPT /OUT:"Debug\2DEngine.exe" /INCREMENTAL /NOLOGO kernel32.lib user32.lib gdi32.lib winspool.lib comdlg32.lib advapi32.lib shell32.lib ole32.lib oleaut32.lib uuid.lib odbc32.lib odbccp32.lib /MANIFEST /MANIFESTUAC:"level='asInvoker' uiAccess='false'" /manifest:embed /DEBUG /PDB:"Debug\2DEngine.pdb" /SUBSYSTEM:CONSOLE /TLBID:1 /DYNAMICBASE /NXCOMPAT /IMPLIB:"Debug\2DEngine.lib" /MACHINE:X86 /SAFESEH Debug\cData.obj
         Debug\cGame.obj
         Debug\cScene.obj
         Debug\cTexture.obj
         Debug\GLUTMain.obj
     1>cData.obj : warning LNK4075: ignoring '/EDITANDCONTINUE' due to '/SAFESEH' specification
         2DEngine.vcxproj -> C:\Users\Dani\Desktop\The-Legend-of-Zelda\Debug\2DEngine.exe
     1>Done Building Project "C:\Users\Dani\Desktop\The-Legend-of-Zelda\2DEngine.vcxproj" (Build target(s)).

Build succeeded.

Time Elapsed 00:00:00.98
>>>>>>> 054cf383f5a2cb8603390429fe74496359dab0a2
